<?xml version="1.0" encoding="UTF-8"?>
<!-- Generated by org.testng.reporters.JUnitReportReporter -->
<testsuite hostname="DESKTOP-6099FGM" failures="0" tests="2" name="com.two" time="40.194" errors="0" timestamp="2020-11-19T16:30:02 IST" skipped="0">
  <testcase classname="com.two" name="BrowserLauch" time="38.305"/>
  <testcase classname="com.two" name="login" time="1.889"/>
</testsuite> <!-- com.two -->
