<?xml version="1.0" encoding="UTF-8"?>
<!-- Generated by org.testng.reporters.JUnitReportReporter -->
<testsuite hostname="DESKTOP-6099FGM" failures="0" tests="1" name="com.one" time="22.959" errors="0" timestamp="2020-11-20T13:22:20 IST" skipped="0">
  <testcase classname="com.one" name="BrowserLauch" time="22.959"/>
</testsuite> <!-- com.one -->
