<?xml version="1.0" encoding="UTF-8"?>
<!-- Generated by org.testng.reporters.JUnitReportReporter -->
<testsuite hostname="DESKTOP-6099FGM" failures="0" tests="2" name="com.one" time="34.122" errors="0" timestamp="2020-11-19T16:26:38 IST" skipped="0">
  <testcase classname="com.one" name="BrowserLauch" time="29.436"/>
  <testcase classname="com.one" name="login" time="4.686"/>
</testsuite> <!-- com.one -->
