<?xml version="1.0" encoding="UTF-8"?>
<!-- Generated by org.testng.reporters.JUnitReportReporter -->
<testsuite hostname="DESKTOP-6099FGM" failures="0" tests="2" name="com.one" time="24.984" errors="0" timestamp="2020-11-19T14:40:24 IST" skipped="0">
  <testcase classname="com.one" name="BrowserLauch" time="23.122"/>
  <testcase classname="com.one" name="login" time="1.862"/>
</testsuite> <!-- com.one -->
