<?xml version="1.0" encoding="UTF-8"?>
<!-- Generated by org.testng.reporters.JUnitReportReporter -->
<testsuite hostname="DESKTOP-6099FGM" failures="0" tests="1" name="com.two" time="33.048" errors="0" timestamp="2020-11-20T13:22:20 IST" skipped="0">
  <testcase classname="com.two" name="BrowserLauch" time="33.048"/>
</testsuite> <!-- com.two -->
